2024-02-10 10:23:32,664 INFO  [Log] **************************************************************************************** 
2024-02-10 10:23:32,665 INFO  [Log] **************************************************************************************** 
2024-02-10 10:23:32,668 INFO  [Log] $$$$$$$$$$$$$$$$$$$$$                 My login test case       $$$$$$$$$$$$$$$$$$$$$$$$$ 
2024-02-10 10:23:32,668 INFO  [Log] **************************************************************************************** 
2024-02-10 10:23:32,668 INFO  [Log] **************************************************************************************** 
2024-02-10 10:23:32,668 INFO  [Log] My test case is executing 
2024-02-10 10:23:32,668 INFO  [Log] I am testing log4j functionality 
2024-02-10 10:23:32,963 INFO  [Log] XXXXXXXXXXXXXXXXXXXXXXX             -E---N---D-             XXXXXXXXXXXXXXXXXXXXXX 
2024-02-10 10:23:32,963 INFO  [Log] X 
2024-02-10 10:23:32,964 INFO  [Log] X 
2024-02-10 10:23:32,964 INFO  [Log] X 
2024-02-10 10:23:32,964 INFO  [Log] X 
2024-02-10 11:18:12,907 INFO  [Log] **************************************************************************************** 
2024-02-10 11:18:12,907 INFO  [Log] **************************************************************************************** 
2024-02-10 11:18:12,909 INFO  [Log] $$$$$$$$$$$$$$$$$$$$$                 My login test case       $$$$$$$$$$$$$$$$$$$$$$$$$ 
2024-02-10 11:18:12,909 INFO  [Log] **************************************************************************************** 
2024-02-10 11:18:12,909 INFO  [Log] **************************************************************************************** 
2024-02-10 11:18:12,909 INFO  [Log] My test case is executing 
2024-02-10 11:18:12,909 INFO  [Log] I am testing log4j functionality 
2024-02-10 11:18:13,095 INFO  [Log] XXXXXXXXXXXXXXXXXXXXXXX             -E---N---D-             XXXXXXXXXXXXXXXXXXXXXX 
2024-02-10 11:18:13,095 INFO  [Log] X 
2024-02-10 11:18:13,095 INFO  [Log] X 
2024-02-10 11:18:13,095 INFO  [Log] X 
2024-02-10 11:18:13,095 INFO  [Log] X 
2024-02-21 20:02:29,847 INFO  [Log] **************************************************************************************** 
2024-02-21 20:02:29,847 INFO  [Log] **************************************************************************************** 
2024-02-21 20:02:29,851 INFO  [Log] $$$$$$$$$$$$$$$$$$$$$                 My login test case       $$$$$$$$$$$$$$$$$$$$$$$$$ 
2024-02-21 20:02:29,851 INFO  [Log] **************************************************************************************** 
2024-02-21 20:02:29,851 INFO  [Log] **************************************************************************************** 
2024-02-21 20:02:29,852 INFO  [Log] My test case is executing 
2024-02-21 20:02:29,852 INFO  [Log] I am testing log4j functionality 
2024-02-21 20:02:30,186 INFO  [Log] XXXXXXXXXXXXXXXXXXXXXXX             -E---N---D-             XXXXXXXXXXXXXXXXXXXXXX 
2024-02-21 20:02:30,186 INFO  [Log] X 
2024-02-21 20:02:30,186 INFO  [Log] X 
2024-02-21 20:02:30,186 INFO  [Log] X 
2024-02-21 20:02:30,186 INFO  [Log] X 
2024-03-12 19:04:48,198 INFO  [Log] **************************************************************************************** 
2024-03-12 19:04:48,199 INFO  [Log] **************************************************************************************** 
2024-03-12 19:04:48,202 INFO  [Log] $$$$$$$$$$$$$$$$$$$$$                 My login test case       $$$$$$$$$$$$$$$$$$$$$$$$$ 
2024-03-12 19:04:48,202 INFO  [Log] **************************************************************************************** 
2024-03-12 19:04:48,202 INFO  [Log] **************************************************************************************** 
2024-03-12 19:04:48,202 INFO  [Log] My test case is executing 
2024-03-12 19:04:48,202 INFO  [Log] I am testing log4j functionality 
2024-03-12 19:04:49,680 INFO  [Log] XXXXXXXXXXXXXXXXXXXXXXX             -E---N---D-             XXXXXXXXXXXXXXXXXXXXXX 
2024-03-12 19:04:49,680 INFO  [Log] X 
2024-03-12 19:04:49,680 INFO  [Log] X 
2024-03-12 19:04:49,681 INFO  [Log] X 
2024-03-12 19:04:49,681 INFO  [Log] X 
2024-03-12 19:05:15,185 INFO  [Log] **************************************************************************************** 
2024-03-12 19:05:15,185 INFO  [Log] **************************************************************************************** 
2024-03-12 19:05:15,190 INFO  [Log] $$$$$$$$$$$$$$$$$$$$$                 My login test case       $$$$$$$$$$$$$$$$$$$$$$$$$ 
2024-03-12 19:05:15,190 INFO  [Log] **************************************************************************************** 
2024-03-12 19:05:15,190 INFO  [Log] **************************************************************************************** 
2024-03-12 19:05:15,190 INFO  [Log] My test case is executing 
2024-03-12 19:05:15,190 INFO  [Log] I am testing log4j functionality 
2024-03-12 19:05:16,365 INFO  [Log] XXXXXXXXXXXXXXXXXXXXXXX             -E---N---D-             XXXXXXXXXXXXXXXXXXXXXX 
2024-03-12 19:05:16,365 INFO  [Log] X 
2024-03-12 19:05:16,365 INFO  [Log] X 
2024-03-12 19:05:16,365 INFO  [Log] X 
2024-03-12 19:05:16,365 INFO  [Log] X 
2024-03-12 20:05:29,741 INFO  [Log] **************************************************************************************** 
2024-03-12 20:05:29,741 INFO  [Log] **************************************************************************************** 
2024-03-12 20:05:29,745 INFO  [Log] $$$$$$$$$$$$$$$$$$$$$                 My login test case       $$$$$$$$$$$$$$$$$$$$$$$$$ 
2024-03-12 20:05:29,745 INFO  [Log] **************************************************************************************** 
2024-03-12 20:05:29,746 INFO  [Log] **************************************************************************************** 
2024-03-12 20:05:29,746 INFO  [Log] My test case is executing 
2024-03-12 20:05:29,746 INFO  [Log] I am testing log4j functionality 
2024-03-12 20:05:29,920 INFO  [Log] XXXXXXXXXXXXXXXXXXXXXXX             -E---N---D-             XXXXXXXXXXXXXXXXXXXXXX 
2024-03-12 20:05:29,920 INFO  [Log] X 
2024-03-12 20:05:29,920 INFO  [Log] X 
2024-03-12 20:05:29,920 INFO  [Log] X 
2024-03-12 20:05:29,920 INFO  [Log] X 
2024-03-12 20:11:45,085 INFO  [Log] **************************************************************************************** 
2024-03-12 20:11:45,085 INFO  [Log] **************************************************************************************** 
2024-03-12 20:11:45,088 INFO  [Log] $$$$$$$$$$$$$$$$$$$$$                 My login test case       $$$$$$$$$$$$$$$$$$$$$$$$$ 
2024-03-12 20:11:45,089 INFO  [Log] **************************************************************************************** 
2024-03-12 20:11:45,089 INFO  [Log] **************************************************************************************** 
2024-03-12 20:11:45,089 INFO  [Log] My test case is executing 
2024-03-12 20:11:45,089 INFO  [Log] I am testing log4j functionality 
2024-03-12 20:11:45,438 INFO  [Log] XXXXXXXXXXXXXXXXXXXXXXX             -E---N---D-             XXXXXXXXXXXXXXXXXXXXXX 
2024-03-12 20:11:45,438 INFO  [Log] X 
2024-03-12 20:11:45,438 INFO  [Log] X 
2024-03-12 20:11:45,438 INFO  [Log] X 
2024-03-12 20:11:45,438 INFO  [Log] X 
2024-03-12 20:19:46,510 INFO  [Log] **************************************************************************************** 
2024-03-12 20:19:46,511 INFO  [Log] **************************************************************************************** 
2024-03-12 20:19:46,516 INFO  [Log] $$$$$$$$$$$$$$$$$$$$$                 My login test case       $$$$$$$$$$$$$$$$$$$$$$$$$ 
2024-03-12 20:19:46,516 INFO  [Log] **************************************************************************************** 
2024-03-12 20:19:46,516 INFO  [Log] **************************************************************************************** 
2024-03-12 20:19:46,516 INFO  [Log] My test case is executing 
2024-03-12 20:19:46,516 INFO  [Log] I am testing log4j functionality 
2024-03-12 20:19:46,867 INFO  [Log] XXXXXXXXXXXXXXXXXXXXXXX             -E---N---D-             XXXXXXXXXXXXXXXXXXXXXX 
2024-03-12 20:19:46,867 INFO  [Log] X 
2024-03-12 20:19:46,867 INFO  [Log] X 
2024-03-12 20:19:46,867 INFO  [Log] X 
2024-03-12 20:19:46,867 INFO  [Log] X 
